#
# There is insufficient memory for the Java Runtime Environment to continue.
# Native memory allocation (malloc) failed to allocate 213296 bytes for Chunk::new
# Possible reasons:
#   The system is out of physical RAM or swap space
#   The process is running with CompressedOops enabled, and the Java Heap may be blocking the growth of the native heap
# Possible solutions:
#   Reduce memory load on the system
#   Increase physical memory or swap space
#   Check if swap backing store is full
#   Decrease Java heap size (-Xmx/-Xms)
#   Decrease number of Java threads
#   Decrease Java thread stack sizes (-Xss)
#   Set larger code cache with -XX:ReservedCodeCacheSize=
#   JVM is running with Zero Based Compressed Oops mode in which the Java heap is
#     placed in the first 32GB address space. The Java Heap base address is the
#     maximum limit for the native heap growth. Please use -XX:HeapBaseMinAddress
#     to set the Java Heap base and to place the Java Heap above 32GB virtual address.
# This output file may be truncated or incomplete.
#
#  Out of Memory Error (allocation.cpp:389), pid=9352, tid=0x0000000000008ea4
#
# JRE version: Java(TM) SE Runtime Environment (8.0_211-b12) (build 1.8.0_211-b12)
# Java VM: Java HotSpot(TM) 64-Bit Server VM (25.211-b12 mixed mode windows-amd64 compressed oops)
# Failed to write core dump. Minidumps are not enabled by default on client versions of Windows
#

---------------  T H R E A D  ---------------

Current thread (0x0000000027c52000):  JavaThread "C2 CompilerThread2" daemon [_thread_in_native, id=36516, stack(0x0000000029460000,0x0000000029560000)]

Stack: [0x0000000029460000,0x0000000029560000]
[error occurred during error reporting (printing stack bounds), id 0xc0000005]

Native frames: (J=compiled Java code, j=interpreted, Vv=VM code, C=native code)


Current CompileTask:
C2:  70877  576 %     4       com.dragon.lucky.utils.FileReadHelper::writeToFile @ 11 (71 bytes)


---------------  P R O C E S S  ---------------

Java Threads: ( => current thread )
  0x0000000027ced000 JavaThread "Service Thread" daemon [_thread_blocked, id=17528, stack(0x0000000029660000,0x0000000029760000)]
  0x0000000027c55800 JavaThread "C1 CompilerThread3" daemon [_thread_blocked, id=8328, stack(0x0000000029560000,0x0000000029660000)]
=>0x0000000027c52000 JavaThread "C2 CompilerThread2" daemon [_thread_in_native, id=36516, stack(0x0000000029460000,0x0000000029560000)]
  0x0000000027c51000 JavaThread "C2 CompilerThread1" daemon [_thread_blocked, id=6776, stack(0x0000000029360000,0x0000000029460000)]
  0x0000000027c47000 JavaThread "C2 CompilerThread0" daemon [_thread_blocked, id=16376, stack(0x0000000029260000,0x0000000029360000)]
  0x0000000027c2f000 JavaThread "Monitor Ctrl-Break" daemon [_thread_in_native, id=30988, stack(0x0000000029160000,0x0000000029260000)]
  0x0000000027c01800 JavaThread "Attach Listener" daemon [_thread_blocked, id=28712, stack(0x0000000029060000,0x0000000029160000)]
  0x0000000027baf000 JavaThread "Signal Dispatcher" daemon [_thread_blocked, id=17880, stack(0x0000000028f60000,0x0000000029060000)]
  0x00000000264a3800 JavaThread "Finalizer" daemon [_thread_blocked, id=30908, stack(0x0000000028e00000,0x0000000028f00000)]
  0x0000000027b93000 JavaThread "Reference Handler" daemon [_thread_blocked, id=25456, stack(0x0000000028d00000,0x0000000028e00000)]
  0x00000000031b3800 JavaThread "main" [_thread_in_native, id=8392, stack(0x0000000002eb0000,0x0000000002fb0000)]

Other Threads:
  0x0000000026496800 VMThread [stack: 0x0000000028c00000,0x0000000028d00000] [id=17960]
  0x0000000027d39000 WatcherThread [stack: 0x0000000029760000,0x0000000029860000] [id=39444]

VM state:not at safepoint (normal execution)

VM Mutex/Monitor currently owned by a thread: None

heap address: 0x00000005c0e00000, size: 8178 MB, Compressed Oops mode: Zero based, Oop shift amount: 3
Narrow klass base: 0x0000000000000000, Narrow klass shift: 3
Compressed class space size: 1073741824 Address: 0x00000007c0000000

Heap:
 PSYoungGen      total 630784K, used 198563K [0x0000000715a00000, 0x0000000743600000, 0x00000007c0000000)
  eden space 526336K, 36% used [0x0000000715a00000,0x0000000721588cc0,0x0000000735c00000)
  from space 104448K, 6% used [0x000000073d000000,0x000000073d660000,0x0000000743600000)
  to   space 111616K, 0% used [0x0000000735c00000,0x0000000735c00000,0x000000073c900000)
 ParOldGen       total 368640K, used 189342K [0x00000005c0e00000, 0x00000005d7600000, 0x0000000715a00000)
  object space 368640K, 51% used [0x00000005c0e00000,0x00000005cc6e7850,0x00000005d7600000)
 Metaspace       used 5277K, capacity 5470K, committed 5504K, reserved 1056768K
  class space    used 575K, capacity 634K, committed 640K, reserved 1048576K

Card table byte_map: [0x0000000012670000,0x0000000013670000] byte_map_base: 0x000000000f869000

Marking Bits: (ParMarkBitMap*) 0x0000000050965ce0
 Begin Bits: [0x0000000014b20000, 0x000000001cae8000)
 End Bits:   [0x000000001cae8000, 0x0000000024ab0000)

Polling page: 0x0000000002a60000

CodeCache: size=245760Kb used=3050Kb max_used=3070Kb free=242709Kb
 bounds [0x00000000032b0000, 0x00000000035c0000, 0x00000000122b0000]
 total_blobs=869 nmethods=575 adapters=207
 compilation: enabled

Compilation events (10 events):
Event: 70.146 Thread 0x0000000027c51000 nmethod 568 0x00000000035aa510 code [0x00000000035aa680, 0x00000000035aab78]
Event: 70.146 Thread 0x0000000027c51000  573   !   4       java.lang.StringCoding::encode (216 bytes)
Event: 70.146 Thread 0x0000000027c47000 nmethod 571 0x00000000035aaf10 code [0x00000000035ab060, 0x00000000035ab168]
Event: 70.147 Thread 0x0000000027c47000  574       4       sun.nio.cs.UTF_8$Encoder::<init> (6 bytes)
Event: 70.150 Thread 0x0000000027c47000 nmethod 574 0x00000000035a3110 code [0x00000000035a3280, 0x00000000035a35f8]
Event: 70.151 Thread 0x0000000027c47000  575       4       sun.nio.cs.UTF_8$Encoder::<init> (16 bytes)
Event: 70.151 Thread 0x0000000027c52000 nmethod 572 0x00000000035a9950 code [0x00000000035a9ae0, 0x00000000035a9fb8]
Event: 70.151 Thread 0x0000000027c51000 nmethod 573 0x00000000035b0c50 code [0x00000000035b0de0, 0x00000000035b1278]
Event: 70.153 Thread 0x0000000027c47000 nmethod 575 0x00000000035aea50 code [0x00000000035aebc0, 0x00000000035aef38]
Event: 70.872 Thread 0x0000000027c52000  576 %     4       com.dragon.lucky.utils.FileReadHelper::writeToFile @ 11 (71 bytes)

GC Heap History (10 events):
Event: 63.311 GC heap before
{Heap before GC invocations=21 (full 0):
 PSYoungGen      total 630784K, used 534974K [0x0000000715a00000, 0x0000000743600000, 0x00000007c0000000)
  eden space 526336K, 100% used [0x0000000715a00000,0x0000000735c00000,0x0000000735c00000)
  from space 104448K, 8% used [0x000000073d000000,0x000000073d86f8f8,0x0000000743600000)
  to   space 111616K, 0% used [0x0000000735c00000,0x0000000735c00000,0x000000073c900000)
 ParOldGen       total 349696K, used 287911K [0x00000005c0e00000, 0x00000005d6380000, 0x0000000715a00000)
  object space 349696K, 82% used [0x00000005c0e00000,0x00000005d2729f90,0x00000005d6380000)
 Metaspace       used 4356K, capacity 4746K, committed 4864K, reserved 1056768K
  class space    used 467K, capacity 498K, committed 512K, reserved 1048576K
Event: 63.324 GC heap after
Heap after GC invocations=21 (full 0):
 PSYoungGen      total 637952K, used 6592K [0x0000000715a00000, 0x0000000743600000, 0x00000007c0000000)
  eden space 526336K, 0% used [0x0000000715a00000,0x0000000715a00000,0x0000000735c00000)
  from space 111616K, 5% used [0x0000000735c00000,0x0000000736270000,0x000000073c900000)
  to   space 104448K, 0% used [0x000000073d000000,0x000000073d000000,0x0000000743600000)
 ParOldGen       total 349696K, used 296438K [0x00000005c0e00000, 0x00000005d6380000, 0x0000000715a00000)
  object space 349696K, 84% used [0x00000005c0e00000,0x00000005d2f7d888,0x00000005d6380000)
 Metaspace       used 4356K, capacity 4746K, committed 4864K, reserved 1056768K
  class space    used 467K, capacity 498K, committed 512K, reserved 1048576K
}
Event: 63.470 GC heap before
{Heap before GC invocations=22 (full 0):
 PSYoungGen      total 637952K, used 532928K [0x0000000715a00000, 0x0000000743600000, 0x00000007c0000000)
  eden space 526336K, 100% used [0x0000000715a00000,0x0000000735c00000,0x0000000735c00000)
  from space 111616K, 5% used [0x0000000735c00000,0x0000000736270000,0x000000073c900000)
  to   space 104448K, 0% used [0x000000073d000000,0x000000073d000000,0x0000000743600000)
 ParOldGen       total 349696K, used 296438K [0x00000005c0e00000, 0x00000005d6380000, 0x0000000715a00000)
  object space 349696K, 84% used [0x00000005c0e00000,0x00000005d2f7d888,0x00000005d6380000)
 Metaspace       used 4356K, capacity 4746K, committed 4864K, reserved 1056768K
  class space    used 467K, capacity 498K, committed 512K, reserved 1048576K
Event: 63.488 GC heap after
Heap after GC invocations=22 (full 0):
 PSYoungGen      total 630784K, used 6528K [0x0000000715a00000, 0x0000000743600000, 0x00000007c0000000)
  eden space 526336K, 0% used [0x0000000715a00000,0x0000000715a00000,0x0000000735c00000)
  from space 104448K, 6% used [0x000000073d000000,0x000000073d660000,0x0000000743600000)
  to   space 111616K, 0% used [0x0000000735c00000,0x0000000735c00000,0x000000073c900000)
 ParOldGen       total 349696K, used 302894K [0x00000005c0e00000, 0x00000005d6380000, 0x0000000715a00000)
  object space 349696K, 86% used [0x00000005c0e00000,0x00000005d35cb888,0x00000005d6380000)
 Metaspace       used 4356K, capacity 4746K, committed 4864K, reserved 1056768K
  class space    used 467K, capacity 498K, committed 512K, reserved 1048576K
}
Event: 63.488 GC heap before
{Heap before GC invocations=23 (full 1):
 PSYoungGen      total 630784K, used 6528K [0x0000000715a00000, 0x0000000743600000, 0x00000007c0000000)
  eden space 526336K, 0% used [0x0000000715a00000,0x0000000715a00000,0x0000000735c00000)
  from space 104448K, 6% used [0x000000073d000000,0x000000073d660000,0x0000000743600000)
  to   space 111616K, 0% used [0x0000000735c00000,0x0000000735c00000,0x000000073c900000)
 ParOldGen       total 349696K, used 302894K [0x00000005c0e00000, 0x00000005d6380000, 0x0000000715a00000)
  object space 349696K, 86% used [0x00000005c0e00000,0x00000005d35cb888,0x00000005d6380000)
 Metaspace       used 4356K, capacity 4746K, committed 4864K, reserved 1056768K
  class space    used 467K, capacity 498K, committed 512K, reserved 1048576K
Event: 63.874 GC heap after
Heap after GC invocations=23 (full 1):
 PSYoungGen      total 630784K, used 0K [0x0000000715a00000, 0x0000000743600000, 0x00000007c0000000)
  eden space 526336K, 0% used [0x0000000715a00000,0x0000000715a00000,0x0000000735c00000)
  from space 104448K, 0% used [0x000000073d000000,0x000000073d000000,0x0000000743600000)
  to   space 111616K, 0% used [0x0000000735c00000,0x0000000735c00000,0x000000073c900000)
 ParOldGen       total 368640K, used 179896K [0x00000005c0e00000, 0x00000005d7600000, 0x0000000715a00000)
  object space 368640K, 48% used [0x00000005c0e00000,0x00000005cbdae2e8,0x00000005d7600000)
 Metaspace       used 4356K, capacity 4746K, committed 4864K, reserved 1056768K
  class space    used 467K, capacity 498K, committed 512K, reserved 1048576K
}
Event: 64.024 GC heap before
{Heap before GC invocations=24 (full 1):
 PSYoungGen      total 630784K, used 526336K [0x0000000715a00000, 0x0000000743600000, 0x00000007c0000000)
  eden space 526336K, 100% used [0x0000000715a00000,0x0000000735c00000,0x0000000735c00000)
  from space 104448K, 0% used [0x000000073d000000,0x000000073d000000,0x0000000743600000)
  to   space 111616K, 0% used [0x0000000735c00000,0x0000000735c00000,0x000000073c900000)
 ParOldGen       total 368640K, used 179896K [0x00000005c0e00000, 0x00000005d7600000, 0x0000000715a00000)
  object space 368640K, 48% used [0x00000005c0e00000,0x00000005cbdae2e8,0x00000005d7600000)
 Metaspace       used 4356K, capacity 4746K, committed 4864K, reserved 1056768K
  class space    used 467K, capacity 498K, committed 512K, reserved 1048576K
Event: 64.213 GC heap after
Heap after GC invocations=24 (full 1):
 PSYoungGen      total 637952K, used 9565K [0x0000000715a00000, 0x0000000743600000, 0x00000007c0000000)
  eden space 526336K, 0% used [0x0000000715a00000,0x0000000715a00000,0x0000000735c00000)
  from space 111616K, 8% used [0x0000000735c00000,0x0000000736557568,0x000000073c900000)
  to   space 104448K, 0% used [0x000000073d000000,0x000000073d000000,0x0000000743600000)
 ParOldGen       total 368640K, used 179896K [0x00000005c0e00000, 0x00000005d7600000, 0x0000000715a00000)
  object space 368640K, 48% used [0x00000005c0e00000,0x00000005cbdae2e8,0x00000005d7600000)
 Metaspace       used 4356K, capacity 4746K, committed 4864K, reserved 1056768K
  class space    used 467K, capacity 498K, committed 512K, reserved 1048576K
}
Event: 64.372 GC heap before
{Heap before GC invocations=25 (full 1):
 PSYoungGen      total 637952K, used 535901K [0x0000000715a00000, 0x0000000743600000, 0x00000007c0000000)
  eden space 526336K, 100% used [0x0000000715a00000,0x0000000735c00000,0x0000000735c00000)
  from space 111616K, 8% used [0x0000000735c00000,0x0000000736557568,0x000000073c900000)
  to   space 104448K, 0% used [0x000000073d000000,0x000000073d000000,0x0000000743600000)
 ParOldGen       total 368640K, used 179896K [0x00000005c0e00000, 0x00000005d7600000, 0x0000000715a00000)
  object space 368640K, 48% used [0x00000005c0e00000,0x00000005cbdae2e8,0x00000005d7600000)
 Metaspace       used 4356K, capacity 4746K, committed 4864K, reserved 1056768K
  class space    used 467K, capacity 498K, committed 512K, reserved 1048576K
Event: 64.382 GC heap after
Heap after GC invocations=25 (full 1):
 PSYoungGen      total 630784K, used 6528K [0x0000000715a00000, 0x0000000743600000, 0x00000007c0000000)
  eden space 526336K, 0% used [0x0000000715a00000,0x0000000715a00000,0x0000000735c00000)
  from space 104448K, 6% used [0x000000073d000000,0x000000073d660000,0x0000000743600000)
  to   space 111616K, 0% used [0x0000000735c00000,0x0000000735c00000,0x000000073c900000)
 ParOldGen       total 368640K, used 189342K [0x00000005c0e00000, 0x00000005d7600000, 0x0000000715a00000)
  object space 368640K, 51% used [0x00000005c0e00000,0x00000005cc6e7850,0x00000005d7600000)
 Metaspace       used 4356K, capacity 4746K, committed 4864K, reserved 1056768K
  class space    used 467K, capacity 498K, committed 512K, reserved 1048576K
}

Deoptimization events (10 events):
Event: 61.728 Thread 0x00000000031b3800 Uncommon trap: reason=unstable_if action=reinterpret pc=0x0000000003508384 method=java.lang.String.split(Ljava/lang/String;I)[Ljava/lang/String; @ 8
Event: 64.423 Thread 0x00000000031b3800 Uncommon trap: reason=unstable_if action=reinterpret pc=0x0000000003532af8 method=com.dragon.lucky.intersection.AIntersectionBMain.main([Ljava/lang/String;)V @ 236
Event: 64.459 Thread 0x00000000031b3800 Uncommon trap: reason=unstable_if action=reinterpret pc=0x00000000034c1640 method=java.util.Arrays.copyOf([Ljava/lang/Object;ILjava/lang/Class;)[Ljava/lang/Object; @ 3
Event: 64.461 Thread 0x00000000031b3800 Uncommon trap: reason=unstable_if action=reinterpret pc=0x0000000003407c0c method=java.lang.String.contains(Ljava/lang/CharSequence;)Z @ 11
Event: 64.481 Thread 0x00000000031b3800 Uncommon trap: reason=class_check action=maybe_recompile pc=0x00000000034bcb64 method=java.util.AbstractCollection.toArray([Ljava/lang/Object;)[Ljava/lang/Object; @ 1
Event: 64.490 Thread 0x00000000031b3800 Uncommon trap: reason=unstable_if action=reinterpret pc=0x0000000003483428 method=java.lang.CharacterDataLatin1.digit(II)I @ 31
Event: 64.517 Thread 0x00000000031b3800 Uncommon trap: reason=unstable_if action=reinterpret pc=0x0000000003538628 method=com.dragon.lucky.command.FilterUtils.collectMergeBean(Ljava/util/List;)Ljava/util/List; @ 25
Event: 64.540 Thread 0x00000000031b3800 Uncommon trap: reason=unstable_if action=reinterpret pc=0x0000000003591810 method=com.dragon.lucky.command.FilterUtils.getContains2(Ljava/lang/String;Ljava/util/List;IILjava/util/List;II)Ljava/util/List; @ 109
Event: 65.197 Thread 0x00000000031b3800 Uncommon trap: reason=unstable_if action=reinterpret pc=0x000000000359bacc method=com.dragon.lucky.command.FilterUtils.getContains2(Ljava/lang/String;Ljava/util/List;IILjava/util/List;II)Ljava/util/List; @ 197
Event: 70.087 Thread 0x00000000031b3800 Uncommon trap: reason=unloaded action=reinterpret pc=0x0000000003599004 method=com.dragon.lucky.command.FilterUtils.getContains2(Ljava/lang/String;Ljava/util/List;IILjava/util/List;II)Ljava/util/List; @ 233

Classes redefined (0 events):
No events

Internal exceptions (8 events):
Event: 0.187 Thread 0x00000000031b3800 Exception <a 'java/lang/NoSuchMethodError': Method sun.misc.Unsafe.defineClass(Ljava/lang/String;[BII)Ljava/lang/Class; name or signature does not match> (0x0000000715a07cb0) thrown at [C:\re\workspace\8-2-build-windows-amd64-cygwin\jdk8u211\12973\hotspot
Event: 0.187 Thread 0x00000000031b3800 Exception <a 'java/lang/NoSuchMethodError': Method sun.misc.Unsafe.prefetchRead(Ljava/lang/Object;J)V name or signature does not match> (0x0000000715a07f98) thrown at [C:\re\workspace\8-2-build-windows-amd64-cygwin\jdk8u211\12973\hotspot\src\share\vm\prim
Event: 0.353 Thread 0x00000000031b3800 Exception <a 'java/security/PrivilegedActionException'> (0x0000000715bc9db0) thrown at [C:\re\workspace\8-2-build-windows-amd64-cygwin\jdk8u211\12973\hotspot\src\share\vm\prims\jvm.cpp, line 1502]
Event: 0.353 Thread 0x00000000031b3800 Exception <a 'java/security/PrivilegedActionException'> (0x0000000715bca1a8) thrown at [C:\re\workspace\8-2-build-windows-amd64-cygwin\jdk8u211\12973\hotspot\src\share\vm\prims\jvm.cpp, line 1502]
Event: 0.354 Thread 0x00000000031b3800 Exception <a 'java/security/PrivilegedActionException'> (0x0000000715bce2a0) thrown at [C:\re\workspace\8-2-build-windows-amd64-cygwin\jdk8u211\12973\hotspot\src\share\vm\prims\jvm.cpp, line 1502]
Event: 0.354 Thread 0x00000000031b3800 Exception <a 'java/security/PrivilegedActionException'> (0x0000000715bce698) thrown at [C:\re\workspace\8-2-build-windows-amd64-cygwin\jdk8u211\12973\hotspot\src\share\vm\prims\jvm.cpp, line 1502]
Event: 64.480 Thread 0x00000000031b3800 Exception <a 'java/lang/NoSuchFieldError': method resolution failed> (0x000000071e0cc370) thrown at [C:\re\workspace\8-2-build-windows-amd64-cygwin\jdk8u211\12973\hotspot\src\share\vm\prims\methodHandles.cpp, line 1167]
Event: 64.481 Thread 0x00000000031b3800 Exception <a 'java/lang/NoSuchFieldError': method resolution failed> (0x000000071e0da1b8) thrown at [C:\re\workspace\8-2-build-windows-amd64-cygwin\jdk8u211\12973\hotspot\src\share\vm\prims\methodHandles.cpp, line 1167]

Events (10 events):
Event: 65.197 Thread 0x00000000031b3800 Uncommon trap: trap_request=0xffffff65 fr.pc=0x000000000359bacc
Event: 65.197 Thread 0x00000000031b3800 DEOPT PACKING pc=0x000000000359bacc sp=0x0000000002faf5f0
Event: 65.197 Thread 0x00000000031b3800 DEOPT UNPACKING pc=0x00000000032f583b sp=0x0000000002faf5f8 mode 2
Event: 65.227 Thread 0x00000000031b3800 DEOPT PACKING pc=0x00000000035a081d sp=0x0000000002faf510
Event: 65.227 Thread 0x00000000031b3800 DEOPT UNPACKING pc=0x00000000032f7890 sp=0x0000000002faf378 mode 0
Event: 70.087 Thread 0x00000000031b3800 Uncommon trap: trap_request=0x00000007 fr.pc=0x0000000003599004
Event: 70.087 Thread 0x00000000031b3800 DEOPT PACKING pc=0x0000000003599004 sp=0x0000000002faf5f0
Event: 70.087 Thread 0x00000000031b3800 DEOPT UNPACKING pc=0x00000000032f583b sp=0x0000000002faf608 mode 2
Event: 70.147 loading class sun/nio/cs/UTF_8$1
Event: 70.147 loading class sun/nio/cs/UTF_8$1 done


Dynamic libraries:
0x00007ff77fd00000 - 0x00007ff77fd37000 	C:\Program Files\Java\jdk1.8.0_211\bin\java.exe
0x00007ffeb6250000 - 0x00007ffeb6448000 	C:\WINDOWS\SYSTEM32\ntdll.dll
0x00007ffeb5aa0000 - 0x00007ffeb5b5f000 	C:\WINDOWS\System32\KERNEL32.DLL
0x00007ffeb3c60000 - 0x00007ffeb3f56000 	C:\WINDOWS\System32\KERNELBASE.dll
0x00007ffeb5940000 - 0x00007ffeb59ef000 	C:\WINDOWS\System32\ADVAPI32.dll
0x00007ffeb4430000 - 0x00007ffeb44ce000 	C:\WINDOWS\System32\msvcrt.dll
0x00007ffeb44d0000 - 0x00007ffeb456c000 	C:\WINDOWS\System32\sechost.dll
0x00007ffeb4dc0000 - 0x00007ffeb4ee6000 	C:\WINDOWS\System32\RPCRT4.dll
0x00007ffeb57a0000 - 0x00007ffeb593d000 	C:\WINDOWS\System32\USER32.dll
0x00007ffeb40b0000 - 0x00007ffeb40d2000 	C:\WINDOWS\System32\win32u.dll
0x00007ffeb5f50000 - 0x00007ffeb5f7c000 	C:\WINDOWS\System32\GDI32.dll
0x00007ffeb39b0000 - 0x00007ffeb3ac5000 	C:\WINDOWS\System32\gdi32full.dll
0x00007ffeb3f60000 - 0x00007ffeb3ffd000 	C:\WINDOWS\System32\msvcp_win.dll
0x00007ffeb3ad0000 - 0x00007ffeb3bd0000 	C:\WINDOWS\System32\ucrtbase.dll
0x00007ffea9250000 - 0x00007ffea94ea000 	C:\WINDOWS\WinSxS\amd64_microsoft.windows.common-controls_6595b64144ccf1df_6.0.19041.1110_none_60b5254171f9507e\COMCTL32.dll
0x00007ffeb49f0000 - 0x00007ffeb4a20000 	C:\WINDOWS\System32\IMM32.DLL
0x0000000051050000 - 0x0000000051122000 	C:\Program Files\Java\jdk1.8.0_211\jre\bin\msvcr100.dll
0x0000000050140000 - 0x00000000509e5000 	C:\Program Files\Java\jdk1.8.0_211\jre\bin\server\jvm.dll
0x00007ffeb5730000 - 0x00007ffeb5738000 	C:\WINDOWS\System32\PSAPI.DLL
0x00007ffeae860000 - 0x00007ffeae86a000 	C:\WINDOWS\SYSTEM32\VERSION.dll
0x00007ffeaf620000 - 0x00007ffeaf629000 	C:\WINDOWS\SYSTEM32\WSOCK32.dll
0x00007ffea9ba0000 - 0x00007ffea9bc7000 	C:\WINDOWS\SYSTEM32\WINMM.dll
0x00007ffeb4f10000 - 0x00007ffeb4f7b000 	C:\WINDOWS\System32\WS2_32.dll
0x00007ffeb10e0000 - 0x00007ffeb10ef000 	C:\Program Files\Java\jdk1.8.0_211\jre\bin\verify.dll
0x00007ffeaef70000 - 0x00007ffeaef99000 	C:\Program Files\Java\jdk1.8.0_211\jre\bin\java.dll
0x00007ffe97420000 - 0x00007ffe97443000 	C:\Program Files\Java\jdk1.8.0_211\jre\bin\instrument.dll
0x00007ffeaf600000 - 0x00007ffeaf616000 	C:\Program Files\Java\jdk1.8.0_211\jre\bin\zip.dll
0x00007ffeb4f80000 - 0x00007ffeb56c4000 	C:\WINDOWS\System32\SHELL32.dll
0x00007ffeb1a10000 - 0x00007ffeb21a3000 	C:\WINDOWS\SYSTEM32\windows.storage.dll
0x00007ffeb5bf0000 - 0x00007ffeb5f44000 	C:\WINDOWS\System32\combase.dll
0x00007ffeb32b0000 - 0x00007ffeb32de000 	C:\WINDOWS\SYSTEM32\Wldp.dll
0x00007ffeb59f0000 - 0x00007ffeb5a9d000 	C:\WINDOWS\System32\SHCORE.dll
0x00007ffeb4d50000 - 0x00007ffeb4da5000 	C:\WINDOWS\System32\shlwapi.dll
0x00007ffeb3870000 - 0x00007ffeb388f000 	C:\WINDOWS\SYSTEM32\profapi.dll
0x00007ffe97400000 - 0x00007ffe9741a000 	C:\Program Files\JetBrains\IntelliJ IDEA 2019.2\bin\breakgen64.dll
0x00007ffe98c30000 - 0x00007ffe98c4a000 	C:\Program Files\Java\jdk1.8.0_211\jre\bin\net.dll
0x00007ffea2a20000 - 0x00007ffea2c0c000 	C:\WINDOWS\SYSTEM32\urlmon.dll
0x00007ffea2760000 - 0x00007ffea2a11000 	C:\WINDOWS\SYSTEM32\iertutil.dll
0x00007ffea66a0000 - 0x00007ffea66c8000 	C:\WINDOWS\SYSTEM32\srvcli.dll
0x00007ffeb2e10000 - 0x00007ffeb2e1c000 	C:\WINDOWS\SYSTEM32\netutils.dll
0x00007ffeb3010000 - 0x00007ffeb307a000 	C:\WINDOWS\system32\mswsock.dll

VM Arguments:
jvm_args: -javaagent:C:\Program Files\JetBrains\IntelliJ IDEA 2019.2\lib\idea_rt.jar=61619:C:\Program Files\JetBrains\IntelliJ IDEA 2019.2\bin -Dfile.encoding=UTF-8 
java_command: com.dragon.lucky.intersection.AIntersectionBMain
java_class_path (initial): C:\Program Files\Java\jdk1.8.0_211\jre\lib\charsets.jar;C:\Program Files\Java\jdk1.8.0_211\jre\lib\deploy.jar;C:\Program Files\Java\jdk1.8.0_211\jre\lib\ext\access-bridge-64.jar;C:\Program Files\Java\jdk1.8.0_211\jre\lib\ext\cldrdata.jar;C:\Program Files\Java\jdk1.8.0_211\jre\lib\ext\dnsns.jar;C:\Program Files\Java\jdk1.8.0_211\jre\lib\ext\jaccess.jar;C:\Program Files\Java\jdk1.8.0_211\jre\lib\ext\jfxrt.jar;C:\Program Files\Java\jdk1.8.0_211\jre\lib\ext\localedata.jar;C:\Program Files\Java\jdk1.8.0_211\jre\lib\ext\nashorn.jar;C:\Program Files\Java\jdk1.8.0_211\jre\lib\ext\sunec.jar;C:\Program Files\Java\jdk1.8.0_211\jre\lib\ext\sunjce_provider.jar;C:\Program Files\Java\jdk1.8.0_211\jre\lib\ext\sunmscapi.jar;C:\Program Files\Java\jdk1.8.0_211\jre\lib\ext\sunpkcs11.jar;C:\Program Files\Java\jdk1.8.0_211\jre\lib\ext\zipfs.jar;C:\Program Files\Java\jdk1.8.0_211\jre\lib\javaws.jar;C:\Program Files\Java\jdk1.8.0_211\jre\lib\jce.jar;C:\Program Files\Java\jdk1.8.0_211\jre\lib\jfr.jar;C:\Program Files\Java\jdk1.8.0_211\jre\lib\jfxswt.jar;C:\Program Files\Java\jdk1.8.0_211\jre\lib\jsse.jar;C:\Program Files\Java\jdk1.8.0_211\jre\lib\management-agent.jar;C:\Program Files\Java\jdk1.8.0_211\jre\lib\plugin.jar;C:\Program Files\Java\jdk1.8.0_211\jre\lib\resources.jar;C:\Program Files\Java\jdk1.8.0_211\jre\lib\rt.jar;C:\Users\aptdev\IdeaProjects\LuckyProjectConsoleModelProject-master-test\out\production\LuckyProjectConsoleModelProject-master;C:\Program Files\JetBrains\IntelliJ IDEA 2019.2\lib\idea_rt.jar
Launcher Type: SUN_STANDARD

Environment Variables:
JAVA_HOME=C:\Program Files\Java\jdk1.8.0_211
PATH=C:\Program Files\JetBrains\IntelliJ IDEA 2019.2\jbr\\bin;C:\Program Files\JetBrains\IntelliJ IDEA 2019.2\jbr\\bin\server;C:\Program Files\PlasticSCM5\server;C:\Program Files\PlasticSCM5\client;C:\Program Files\Java\jdk1.8.0_211;C:\Program Files\Java\jdk1.8.0_211\bin;C:\WINDOWS\system32;C:\WINDOWS;C:\WINDOWS\System32\Wbem;C:\WINDOWS\System32\WindowsPowerShell\v1.0\;C:\WINDOWS\System32\OpenSSH\;C:\Program Files (x86)\NVIDIA Corporation\PhysX\Common;C:\Program Files\NVIDIA Corporation\NVIDIA NvDLISR;C:\Program Files\dotnet\;C:\Program Files\Common Files\Autodesk Shared\;C:\Program Files\Microsoft SQL Server\120\Tools\Binn\;C:\Program Files\Git\cmd;H:\WorkSpace\AndroidSdk\platform-tools;C:\Program Files\Microsoft SQL Server\120\DTS\Binn\;C:\Program Files\Microsoft SQL Server\Client SDK\ODBC\110\Tools\Binn\;C:\Program Files (x86)\Microsoft SQL Server\120\Tools\Binn\;C:\Program Files (x86)\Microsoft SQL Server\120\Tools\Binn\ManagementStudio\;C:\Program Files (x86)\Microsoft SQL Server\120\DTS\Binn\;C:\Program Files\Microsoft SQL Server\150\Tools\Binn\;C:\Program Files\Microsoft SQL Server\Client SDK\ODBC\170\Tools\Binn\;C:\Program Files\Microsoft SQL Server\130\Tools\Binn\;C:\Users\aptdev\AppData\Local\Microsoft\WindowsApps;C:\Users\aptdev\.dotnet\tools
USERNAME=aptdev
OS=Windows_NT
PROCESSOR_IDENTIFIER=Intel64 Family 6 Model 158 Stepping 10, GenuineIntel



---------------  S Y S T E M  ---------------

OS: Windows 10.0 , 64 bit Build 19041 (10.0.19041.2913)

CPU:total 12 (initial active 12) (6 cores per cpu, 2 threads per core) family 6 model 158 stepping 10, cmov, cx8, fxsr, mmx, sse, sse2, sse3, ssse3, sse4.1, sse4.2, popcnt, avx, avx2, aes, clmul, erms, rtm, 3dnowpref, lzcnt, ht, tsc, tscinvbit, bmi1, bmi2, adx

Memory: 4k page, physical 33496748k(6477408k free), swap 91973856k(4100k free)

vm_info: Java HotSpot(TM) 64-Bit Server VM (25.211-b12) for windows-amd64 JRE (1.8.0_211-b12), built on Apr  1 2019 20:53:26 by "java_re" with MS VC++ 10.0 (VS2010)

time: Tue May 30 17:45:25 2023
timezone: 中国标准时间
elapsed time: 70 seconds (0d 0h 1m 10s)

